Using pre-set license
Built from '2020.2/release' branch; Version is '2020.2.4f1 (becced5a802b) revision 12504301'; Using compiler version '192528614'; Build Type 'Release'
OS: 'Windows 10 Home; OS build 19043.1165; Version 2009; 64bit' Language: 'en' Physical Memory: 32353 MB
BatchMode: 1, IsHumanControllingUs: 0, StartBugReporterOnCrash: 0, Is64bit: 1, IsPro: 0

 COMMAND LINE ARGUMENTS:
C:\Program Files\Unity\Hub\Editor\2020.2.4f1\Editor\Unity.exe
-adb2
-batchMode
-noUpm
-name
AssetImportWorker0
-projectPath
C:/Users/jesni/Downloads/LabWeek4
-logFile
Logs/AssetImportWorker0.log
-srvPort
65114
Successfully changed project path to: C:/Users/jesni/Downloads/LabWeek4
C:/Users/jesni/Downloads/LabWeek4
Using Asset Import Pipeline V2.
Refreshing native plugins compatible for Editor in 22.92 ms, found 0 plugins.
Preloading 0 native plugins for Editor in 0.00 ms.
Initialize engine version: 2020.2.4f1 (becced5a802b)
[Subsystems] Discovering subsystems at path C:/Program Files/Unity/Hub/Editor/2020.2.4f1/Editor/Data/Resources/UnitySubsystems
[Subsystems] Discovering subsystems at path C:/Users/jesni/Downloads/LabWeek4/Assets
GfxDevice: creating device client; threaded=0
Direct3D:
    Version:  Direct3D 11.0 [level 11.1]
    Renderer: Intel(R) Iris(R) Plus Graphics (ID=0x8a52)
    Vendor:   
    VRAM:     16176 MB
    Driver:   27.20.100.9621
Initialize mono
Mono path[0] = 'C:/Program Files/Unity/Hub/Editor/2020.2.4f1/Editor/Data/Managed'
Mono path[1] = 'C:/Program Files/Unity/Hub/Editor/2020.2.4f1/Editor/Data/MonoBleedingEdge/lib/mono/unityjit'
Mono config path = 'C:/Program Files/Unity/Hub/Editor/2020.2.4f1/Editor/Data/MonoBleedingEdge/etc'
Using monoOptions --debugger-agent=transport=dt_socket,embedding=1,server=y,suspend=n,address=127.0.0.1:56576
Begin MonoManager ReloadAssembly
Registering precompiled unity dll's ...
Register platform support module: C:/Program Files/Unity/Hub/Editor/2020.2.4f1/Editor/Data/PlaybackEngines/WebGLSupport/UnityEditor.WebGL.Extensions.dll
Register platform support module: C:/Program Files/Unity/Hub/Editor/2020.2.4f1/Editor/Data/PlaybackEngines/WindowsStandaloneSupport/UnityEditor.WindowsStandalone.Extensions.dll
Registered in 0.004365 seconds.
Native extension for WindowsStandalone target not found
Native extension for WebGL target not found
Refreshing native plugins compatible for Editor in 22.31 ms, found 0 plugins.
Preloading 0 native plugins for Editor in 0.00 ms.
Invoked RoslynAnalysisRunner static constructor.
RoslynAnalysisRunner will not be running.
RoslynAnalysisRunner has terminated.
Mono: successfully reloaded assembly
- Completed reload, in  1.347 seconds
Platform modules already initialized, skipping
Registering precompiled user dll's ...
Registered in 0.001743 seconds.
Begin MonoManager ReloadAssembly
Native extension for WindowsStandalone target not found
Native extension for WebGL target not found
Refreshing native plugins compatible for Editor in 0.27 ms, found 0 plugins.
Preloading 0 native plugins for Editor in 0.00 ms.
Invoked RoslynAnalysisRunner static constructor.
RoslynAnalysisRunner will not be running.
RoslynAnalysisRunner has terminated.
Mono: successfully reloaded assembly
- Completed reload, in  0.928 seconds
Platform modules already initialized, skipping
========================================================================
Worker process is ready to serve import requests
Launched and connected shader compiler UnityShaderCompiler.exe after 0.08 seconds
Refreshing native plugins compatible for Editor in 0.30 ms, found 0 plugins.
Preloading 0 native plugins for Editor in 0.00 ms.
Unloading 1081 Unused Serialized files (Serialized files now loaded: 0)
System memory in use before: 55.9 MB.
System memory in use after: 56.0 MB.

Unloading 9 unused Assets to reduce memory usage. Loaded Objects now: 1523.
Total: 2.945700 ms (FindLiveObjects: 0.199200 ms CreateObjectMapping: 0.062300 ms MarkObjects: 2.529000 ms  DeleteObjects: 0.153200 ms)

========================================================================
Received Import Request.
  path: Assets/RedPrefab.prefab
  artifactKey: Guid(771b4394887a60c479452a366ddf640a) Importer(815301076,1909f56bfc062723c751e8b465ee728b)
Start importing Assets/RedPrefab.prefab using Guid(771b4394887a60c479452a366ddf640a) Importer(815301076,1909f56bfc062723c751e8b465ee728b)  -> (artifact id: 'e01cfbc5e85bc94378453d4af866acc9') in 0.143667 seconds
  Import took 0.146833 seconds .

========================================================================
Received Import Request.
  Time since last request: 8.771708 seconds.
  path: Assets/BluePrefab.prefab
  artifactKey: Guid(7cddabe49b02ad54faa2ca17bb6a7a2a) Importer(815301076,1909f56bfc062723c751e8b465ee728b)
Start importing Assets/BluePrefab.prefab using Guid(7cddabe49b02ad54faa2ca17bb6a7a2a) Importer(815301076,1909f56bfc062723c751e8b465ee728b)  -> (artifact id: '1d98d2b49bb4b4cd13b79f3370e676c6') in 0.031397 seconds
  Import took 0.034667 seconds .

========================================================================
Received Import Request.
  Time since last request: 266.739555 seconds.
  path: Assets/BluePrefab.prefab
  artifactKey: Guid(7cddabe49b02ad54faa2ca17bb6a7a2a) Importer(815301076,1909f56bfc062723c751e8b465ee728b)
Start importing Assets/BluePrefab.prefab using Guid(7cddabe49b02ad54faa2ca17bb6a7a2a) Importer(815301076,1909f56bfc062723c751e8b465ee728b)  -> (artifact id: '6c7af3b000b772323cce8901b16e90f8') in 0.026665 seconds
  Import took 0.029953 seconds .

========================================================================
Received Import Request.
  Time since last request: 0.001782 seconds.
  path: Assets/BluePrefab.prefab
  artifactKey: Guid(7cddabe49b02ad54faa2ca17bb6a7a2a) Importer(815301076,1909f56bfc062723c751e8b465ee728b)
Start importing Assets/BluePrefab.prefab using Guid(7cddabe49b02ad54faa2ca17bb6a7a2a) Importer(815301076,1909f56bfc062723c751e8b465ee728b)  -> (artifact id: '6c7af3b000b772323cce8901b16e90f8') in 0.024927 seconds
  Import took 0.027037 seconds .

========================================================================
Received Import Request.
  Time since last request: 13.457990 seconds.
  path: Assets/BluePrefab.prefab
  artifactKey: Guid(7cddabe49b02ad54faa2ca17bb6a7a2a) Importer(815301076,1909f56bfc062723c751e8b465ee728b)
Start importing Assets/BluePrefab.prefab using Guid(7cddabe49b02ad54faa2ca17bb6a7a2a) Importer(815301076,1909f56bfc062723c751e8b465ee728b)  -> (artifact id: '9909fda4a5eaac73050b4fd19be5c02c') in 0.027407 seconds
  Import took 0.031285 seconds .

========================================================================
Received Import Request.
  Time since last request: 0.002951 seconds.
  path: Assets/BluePrefab.prefab
  artifactKey: Guid(7cddabe49b02ad54faa2ca17bb6a7a2a) Importer(815301076,1909f56bfc062723c751e8b465ee728b)
Start importing Assets/BluePrefab.prefab using Guid(7cddabe49b02ad54faa2ca17bb6a7a2a) Importer(815301076,1909f56bfc062723c751e8b465ee728b)  -> (artifact id: '9909fda4a5eaac73050b4fd19be5c02c') in 0.025917 seconds
  Import took 0.028482 seconds .

========================================================================
Received Import Request.
  Time since last request: 11.675106 seconds.
  path: Assets/BluePrefab.prefab
  artifactKey: Guid(7cddabe49b02ad54faa2ca17bb6a7a2a) Importer(815301076,1909f56bfc062723c751e8b465ee728b)
Start importing Assets/BluePrefab.prefab using Guid(7cddabe49b02ad54faa2ca17bb6a7a2a) Importer(815301076,1909f56bfc062723c751e8b465ee728b)  -> (artifact id: 'b20cd62a2be86b9492dc181ed3521a93') in 0.028465 seconds
  Import took 0.031297 seconds .

========================================================================
Received Import Request.
  Time since last request: 0.003230 seconds.
  path: Assets/BluePrefab.prefab
  artifactKey: Guid(7cddabe49b02ad54faa2ca17bb6a7a2a) Importer(815301076,1909f56bfc062723c751e8b465ee728b)
Start importing Assets/BluePrefab.prefab using Guid(7cddabe49b02ad54faa2ca17bb6a7a2a) Importer(815301076,1909f56bfc062723c751e8b465ee728b)  -> (artifact id: 'b20cd62a2be86b9492dc181ed3521a93') in 0.028008 seconds
  Import took 0.030406 seconds .

========================================================================
Received Import Request.
  Time since last request: 3797.990628 seconds.
  path: Assets/Scripts/ConsolePrint.cs
  artifactKey: Guid(89c24e23796a3944d86bd90b435e974e) Importer(815301076,1909f56bfc062723c751e8b465ee728b)
Start importing Assets/Scripts/ConsolePrint.cs using Guid(89c24e23796a3944d86bd90b435e974e) Importer(815301076,1909f56bfc062723c751e8b465ee728b)  -> (artifact id: 'd3a37a225d30e46fd123fab6ab236789') in 0.029034 seconds
  Import took 0.036235 seconds .

========================================================================
Received Import Request.
  Time since last request: 0.255291 seconds.
  path: Assets/Scripts/ConsolePrint.cs
  artifactKey: Guid(89c24e23796a3944d86bd90b435e974e) Importer(815301076,1909f56bfc062723c751e8b465ee728b)
Start importing Assets/Scripts/ConsolePrint.cs using Guid(89c24e23796a3944d86bd90b435e974e) Importer(815301076,1909f56bfc062723c751e8b465ee728b)  -> (artifact id: 'd3a37a225d30e46fd123fab6ab236789') in 0.019126 seconds
  Import took 0.025192 seconds .

========================================================================
Received Prepare
Registering precompiled user dll's ...
Registered in 0.003701 seconds.
Begin MonoManager ReloadAssembly
Native extension for WindowsStandalone target not found
Native extension for WebGL target not found
Refreshing native plugins compatible for Editor in 0.45 ms, found 0 plugins.
Preloading 0 native plugins for Editor in 0.00 ms.
Invoked RoslynAnalysisRunner static constructor.
RoslynAnalysisRunner will not be running.
RoslynAnalysisRunner has terminated.
Mono: successfully reloaded assembly
- Completed reload, in  2.723 seconds
Platform modules already initialized, skipping
Refreshing native plugins compatible for Editor in 0.62 ms, found 0 plugins.
Preloading 0 native plugins for Editor in 0.00 ms.
Unloading 1075 Unused Serialized files (Serialized files now loaded: 0)
System memory in use before: 59.0 MB.
System memory in use after: 59.1 MB.

Unloading 4 unused Assets to reduce memory usage. Loaded Objects now: 1533.
Total: 4.215300 ms (FindLiveObjects: 0.274400 ms CreateObjectMapping: 0.142600 ms MarkObjects: 3.751200 ms  DeleteObjects: 0.043600 ms)

========================================================================
Received Prepare
Registering precompiled user dll's ...
Registered in 0.002923 seconds.
Begin MonoManager ReloadAssembly
Native extension for WindowsStandalone target not found
Native extension for WebGL target not found
Refreshing native plugins compatible for Editor in 0.58 ms, found 0 plugins.
Preloading 0 native plugins for Editor in 0.00 ms.
Invoked RoslynAnalysisRunner static constructor.
RoslynAnalysisRunner will not be running.
RoslynAnalysisRunner has terminated.
Mono: successfully reloaded assembly
- Completed reload, in  2.476 seconds
Platform modules already initialized, skipping
Refreshing native plugins compatible for Editor in 0.69 ms, found 0 plugins.
Preloading 0 native plugins for Editor in 0.00 ms.
Unloading 1075 Unused Serialized files (Serialized files now loaded: 0)
System memory in use before: 59.0 MB.
System memory in use after: 59.1 MB.

Unloading 4 unused Assets to reduce memory usage. Loaded Objects now: 1535.
Total: 3.757800 ms (FindLiveObjects: 0.282700 ms CreateObjectMapping: 0.109600 ms MarkObjects: 3.323900 ms  DeleteObjects: 0.038000 ms)

========================================================================
Received Import Request.
  Time since last request: 66.178896 seconds.
  path: Assets/BluePrefab.prefab
  artifactKey: Guid(7cddabe49b02ad54faa2ca17bb6a7a2a) Importer(815301076,1909f56bfc062723c751e8b465ee728b)
Start importing Assets/BluePrefab.prefab using Guid(7cddabe49b02ad54faa2ca17bb6a7a2a) Importer(815301076,1909f56bfc062723c751e8b465ee728b)  -> (artifact id: '945c9c040095314331bc98bc0865c438') in 0.192563 seconds
  Import took 0.198101 seconds .

========================================================================
Received Import Request.
  Time since last request: 0.550815 seconds.
  path: Assets/RedPrefab.prefab
  artifactKey: Guid(771b4394887a60c479452a366ddf640a) Importer(815301076,1909f56bfc062723c751e8b465ee728b)
Start importing Assets/RedPrefab.prefab using Guid(771b4394887a60c479452a366ddf640a) Importer(815301076,1909f56bfc062723c751e8b465ee728b)  -> (artifact id: 'f0d59f14452333cba98d9f35c5ad5f8e') in 0.040478 seconds
  Import took 0.046474 seconds .

========================================================================
Received Prepare
Registering precompiled user dll's ...
Registered in 0.003930 seconds.
Begin MonoManager ReloadAssembly
Native extension for WindowsStandalone target not found
Native extension for WebGL target not found
Refreshing native plugins compatible for Editor in 0.44 ms, found 0 plugins.
Preloading 0 native plugins for Editor in 0.00 ms.
Invoked RoslynAnalysisRunner static constructor.
RoslynAnalysisRunner will not be running.
RoslynAnalysisRunner has terminated.
Mono: successfully reloaded assembly
- Completed reload, in  2.510 seconds
Platform modules already initialized, skipping
Refreshing native plugins compatible for Editor in 0.56 ms, found 0 plugins.
Preloading 0 native plugins for Editor in 0.00 ms.
Unloading 1075 Unused Serialized files (Serialized files now loaded: 0)
System memory in use before: 59.1 MB.
System memory in use after: 59.2 MB.

Unloading 4 unused Assets to reduce memory usage. Loaded Objects now: 1538.
Total: 5.292300 ms (FindLiveObjects: 0.400300 ms CreateObjectMapping: 0.094200 ms MarkObjects: 4.737000 ms  DeleteObjects: 0.055300 ms)

========================================================================
Received Prepare
Registering precompiled user dll's ...
Registered in 0.004086 seconds.
Begin MonoManager ReloadAssembly
Native extension for WindowsStandalone target not found
Native extension for WebGL target not found
Refreshing native plugins compatible for Editor in 0.50 ms, found 0 plugins.
Preloading 0 native plugins for Editor in 0.00 ms.
Invoked RoslynAnalysisRunner static constructor.
RoslynAnalysisRunner will not be running.
RoslynAnalysisRunner has terminated.
Mono: successfully reloaded assembly
- Completed reload, in  3.300 seconds
Platform modules already initialized, skipping
Refreshing native plugins compatible for Editor in 0.72 ms, found 0 plugins.
Preloading 0 native plugins for Editor in 0.00 ms.
Unloading 1075 Unused Serialized files (Serialized files now loaded: 0)
System memory in use before: 59.1 MB.
System memory in use after: 59.2 MB.

Unloading 4 unused Assets to reduce memory usage. Loaded Objects now: 1540.
Total: 4.793200 ms (FindLiveObjects: 0.242900 ms CreateObjectMapping: 0.096000 ms MarkObjects: 4.403000 ms  DeleteObjects: 0.048200 ms)

